# JRE version: OpenJDK Runtime Environment (14.0.1+7) (build 14.0.1+7)
# Java VM: OpenJDK 64-Bit Server VM (14.0.1+7, mixed mode, sharing, tiered, compressed oops, g1 gc, windows-amd64)
Heap:
 garbage-first heap   total 154624K, used 70579K [0x0000000701c00000, 0x0000000800000000)
  region size 1024K, 31 young (31744K), 12 survivors (12288K)
 Metaspace       used 30549K, capacity 31151K, committed 31280K, reserved 1077248K
  class space    used 3506K, capacity 3703K, committed 3712K, reserved 1048576K
GC Heap History (14 events):
Event: 0.373 GC heap before
{Heap before GC invocations=0 (full 0):
 garbage-first heap   total 262144K, used 23552K [0x0000000701c00000, 0x0000000800000000)
  region size 1024K, 23 young (23552K), 0 survivors (0K)
 Metaspace       used 4742K, capacity 7515K, committed 7552K, reserved 1056768K
  class space    used 602K, capacity 892K, committed 896K, reserved 1048576K
}
Event: 0.376 GC heap after
{Heap after GC invocations=1 (full 0):
 garbage-first heap   total 262144K, used 3531K [0x0000000701c00000, 0x0000000800000000)
  region size 1024K, 3 young (3072K), 3 survivors (3072K)
 Metaspace       used 4742K, capacity 7515K, committed 7552K, reserved 1056768K
  class space    used 602K, capacity 892K, committed 896K, reserved 1048576K
}
Event: 0.821 GC heap before
{Heap before GC invocations=1 (full 0):
 garbage-first heap   total 262144K, used 35275K [0x0000000701c00000, 0x0000000800000000)
  region size 1024K, 34 young (34816K), 3 survivors (3072K)
 Metaspace       used 10509K, capacity 12602K, committed 12928K, reserved 1060864K
  class space    used 1319K, capacity 1593K, committed 1664K, reserved 1048576K
}
Event: 0.825 GC heap after
{Heap after GC invocations=2 (full 0):
 garbage-first heap   total 262144K, used 5668K [0x0000000701c00000, 0x0000000800000000)
  region size 1024K, 3 young (3072K), 3 survivors (3072K)
 Metaspace       used 10509K, capacity 12602K, committed 12928K, reserved 1060864K
  class space    used 1319K, capacity 1593K, committed 1664K, reserved 1048576K
}
Event: 2.211 GC heap before
{Heap before GC invocations=2 (full 0):
 garbage-first heap   total 262144K, used 101924K [0x0000000701c00000, 0x0000000800000000)
  region size 1024K, 98 young (100352K), 3 survivors (3072K)
 Metaspace       used 20694K, capacity 21119K, committed 21296K, reserved 1069056K
  class space    used 2435K, capacity 2568K, committed 2688K, reserved 1048576K
}
Event: 2.218 GC heap after
{Heap after GC invocations=3 (full 0):
 garbage-first heap   total 262144K, used 11515K [0x0000000701c00000, 0x0000000800000000)
  region size 1024K, 8 young (8192K), 8 survivors (8192K)
 Metaspace       used 20694K, capacity 21119K, committed 21296K, reserved 1069056K
  class space    used 2435K, capacity 2568K, committed 2688K, reserved 1048576K
}
Event: 2.452 GC heap before
{Heap before GC invocations=4 (full 0):
 garbage-first heap   total 45056K, used 35067K [0x0000000701c00000, 0x0000000800000000)
  region size 1024K, 31 young (31744K), 8 survivors (8192K)
 Metaspace       used 21055K, capacity 21483K, committed 21808K, reserved 1069056K
  class space    used 2453K, capacity 2604K, committed 2688K, reserved 1048576K
}
Event: 2.461 GC heap after
{Heap after GC invocations=5 (full 0):
 garbage-first heap   total 46080K, used 12891K [0x0000000701c00000, 0x0000000800000000)
  region size 1024K, 2 young (2048K), 2 survivors (2048K)
 Metaspace       used 21055K, capacity 21483K, committed 21808K, reserved 1069056K
  class space    used 2453K, capacity 2604K, committed 2688K, reserved 1048576K
}
Event: 2.978 GC heap before
{Heap before GC invocations=5 (full 0):
 garbage-first heap   total 46080K, used 33371K [0x0000000701c00000, 0x0000000800000000)
  region size 1024K, 22 young (22528K), 2 survivors (2048K)
 Metaspace       used 21893K, capacity 22396K, committed 22704K, reserved 1069056K
  class space    used 2545K, capacity 2716K, committed 2816K, reserved 1048576K
}
Event: 2.982 GC heap after
{Heap after GC invocations=6 (full 0):
 garbage-first heap   total 154624K, used 13802K [0x0000000701c00000, 0x0000000800000000)
  region size 1024K, 3 young (3072K), 3 survivors (3072K)
 Metaspace       used 21893K, capacity 22396K, committed 22704K, reserved 1069056K
  class space    used 2545K, capacity 2716K, committed 2816K, reserved 1048576K
}
Event: 4.056 GC heap before
{Heap before GC invocations=6 (full 0):
 garbage-first heap   total 154624K, used 102890K [0x0000000701c00000, 0x0000000800000000)
  region size 1024K, 90 young (92160K), 3 survivors (3072K)
 Metaspace       used 29613K, capacity 30127K, committed 30256K, reserved 1075200K
  class space    used 3429K, capacity 3618K, committed 3712K, reserved 1048576K
}
Event: 4.065 GC heap after
{Heap after GC invocations=7 (full 0):
 garbage-first heap   total 154624K, used 25118K [0x0000000701c00000, 0x0000000800000000)
  region size 1024K, 12 young (12288K), 12 survivors (12288K)
 Metaspace       used 29613K, capacity 30127K, committed 30256K, reserved 1075200K
  class space    used 3429K, capacity 3618K, committed 3712K, reserved 1048576K
}
Event: 4.829 GC heap before
{Heap before GC invocations=7 (full 0):
 garbage-first heap   total 154624K, used 106014K [0x0000000701c00000, 0x0000000800000000)
  region size 1024K, 90 young (92160K), 12 survivors (12288K)
 Metaspace       used 30515K, capacity 31087K, committed 31280K, reserved 1077248K
  class space    used 3506K, capacity 3703K, committed 3712K, reserved 1048576K
}
Event: 4.852 GC heap after
{Heap after GC invocations=8 (full 0):
 garbage-first heap   total 154624K, used 52147K [0x0000000701c00000, 0x0000000800000000)
  region size 1024K, 12 young (12288K), 12 survivors (12288K)
 Metaspace       used 30515K, capacity 31087K, committed 31280K, reserved 1077248K
  class space    used 3506K, capacity 3703K, committed 3712K, reserved 1048576K
}

