# JRE version: OpenJDK Runtime Environment (14.0.1+7) (build 14.0.1+7)
# Java VM: OpenJDK 64-Bit Server VM (14.0.1+7, mixed mode, sharing, tiered, compressed oops, g1 gc, windows-amd64)
Heap:
 garbage-first heap   total 221184K, used 126700K [0x0000000701c00000, 0x0000000800000000)
  region size 1024K, 36 young (36864K), 9 survivors (9216K)
 Metaspace       used 36614K, capacity 37511K, committed 37552K, reserved 1083392K
  class space    used 4007K, capacity 4319K, committed 4352K, reserved 1048576K
GC Heap History (20 events):
Event: 11.333 GC heap before
{Heap before GC invocations=10 (full 0):
 garbage-first heap   total 153600K, used 79982K [0x0000000701c00000, 0x0000000800000000)
  region size 1024K, 12 young (12288K), 7 survivors (7168K)
 Metaspace       used 31780K, capacity 32485K, committed 32816K, reserved 1079296K
  class space    used 3584K, capacity 3857K, committed 3968K, reserved 1048576K
}
Event: 11.342 GC heap after
{Heap after GC invocations=11 (full 0):
 garbage-first heap   total 184320K, used 78419K [0x0000000701c00000, 0x0000000800000000)
  region size 1024K, 2 young (2048K), 2 survivors (2048K)
 Metaspace       used 31780K, capacity 32485K, committed 32816K, reserved 1079296K
  class space    used 3584K, capacity 3857K, committed 3968K, reserved 1048576K
}
Event: 12.027 GC heap before
{Heap before GC invocations=12 (full 0):
 garbage-first heap   total 184320K, used 136787K [0x0000000701c00000, 0x0000000800000000)
  region size 1024K, 57 young (58368K), 2 survivors (2048K)
 Metaspace       used 33523K, capacity 34249K, committed 34480K, reserved 1079296K
  class space    used 3774K, capacity 4056K, committed 4096K, reserved 1048576K
}
Event: 12.041 GC heap after
{Heap after GC invocations=13 (full 0):
 garbage-first heap   total 184320K, used 84466K [0x0000000701c00000, 0x0000000800000000)
  region size 1024K, 7 young (7168K), 7 survivors (7168K)
 Metaspace       used 33523K, capacity 34249K, committed 34480K, reserved 1079296K
  class space    used 3774K, capacity 4056K, committed 4096K, reserved 1048576K
}
Event: 12.873 GC heap before
{Heap before GC invocations=13 (full 0):
 garbage-first heap   total 184320K, used 138738K [0x0000000701c00000, 0x0000000800000000)
  region size 1024K, 60 young (61440K), 7 survivors (7168K)
 Metaspace       used 34763K, capacity 35496K, committed 35632K, reserved 1081344K
  class space    used 3832K, capacity 4123K, committed 4224K, reserved 1048576K
}
Event: 12.886 GC heap after
{Heap after GC invocations=14 (full 0):
 garbage-first heap   total 184320K, used 87176K [0x0000000701c00000, 0x0000000800000000)
  region size 1024K, 3 young (3072K), 3 survivors (3072K)
 Metaspace       used 34763K, capacity 35496K, committed 35632K, reserved 1081344K
  class space    used 3832K, capacity 4123K, committed 4224K, reserved 1048576K
}
Event: 13.562 GC heap before
{Heap before GC invocations=14 (full 0):
 garbage-first heap   total 184320K, used 142472K [0x0000000701c00000, 0x0000000800000000)
  region size 1024K, 57 young (58368K), 3 survivors (3072K)
 Metaspace       used 35035K, capacity 35847K, committed 36144K, reserved 1081344K
  class space    used 3839K, capacity 4134K, committed 4224K, reserved 1048576K
}
Event: 13.571 GC heap after
{Heap after GC invocations=15 (full 0):
 garbage-first heap   total 184320K, used 88687K [0x0000000701c00000, 0x0000000800000000)
  region size 1024K, 5 young (5120K), 5 survivors (5120K)
 Metaspace       used 35035K, capacity 35847K, committed 36144K, reserved 1081344K
  class space    used 3839K, capacity 4134K, committed 4224K, reserved 1048576K
}
Event: 14.135 GC heap before
{Heap before GC invocations=16 (full 0):
 garbage-first heap   total 184320K, used 145007K [0x0000000701c00000, 0x0000000800000000)
  region size 1024K, 60 young (61440K), 5 survivors (5120K)
 Metaspace       used 35160K, capacity 35913K, committed 36144K, reserved 1081344K
  class space    used 3839K, capacity 4134K, committed 4224K, reserved 1048576K
}
Event: 14.144 GC heap after
{Heap after GC invocations=17 (full 0):
 garbage-first heap   total 184320K, used 90130K [0x0000000701c00000, 0x0000000800000000)
  region size 1024K, 6 young (6144K), 6 survivors (6144K)
 Metaspace       used 35160K, capacity 35913K, committed 36144K, reserved 1081344K
  class space    used 3839K, capacity 4134K, committed 4224K, reserved 1048576K
}
Event: 14.643 GC heap before
{Heap before GC invocations=17 (full 0):
 garbage-first heap   total 184320K, used 148498K [0x0000000701c00000, 0x0000000800000000)
  region size 1024K, 63 young (64512K), 6 survivors (6144K)
 Metaspace       used 35272K, capacity 36060K, committed 36400K, reserved 1081344K
  class space    used 3842K, capacity 4139K, committed 4224K, reserved 1048576K
}
Event: 14.655 GC heap after
{Heap after GC invocations=18 (full 0):
 garbage-first heap   total 184320K, used 91857K [0x0000000701c00000, 0x0000000800000000)
  region size 1024K, 5 young (5120K), 5 survivors (5120K)
 Metaspace       used 35272K, capacity 36060K, committed 36400K, reserved 1081344K
  class space    used 3842K, capacity 4139K, committed 4224K, reserved 1048576K
}
Event: 14.898 GC heap before
{Heap before GC invocations=19 (full 0):
 garbage-first heap   total 184320K, used 117457K [0x0000000701c00000, 0x0000000800000000)
  region size 1024K, 31 young (31744K), 5 survivors (5120K)
 Metaspace       used 35290K, capacity 36060K, committed 36400K, reserved 1081344K
  class space    used 3842K, capacity 4139K, committed 4224K, reserved 1048576K
}
Event: 14.907 GC heap after
{Heap after GC invocations=20 (full 0):
 garbage-first heap   total 184320K, used 92613K [0x0000000701c00000, 0x0000000800000000)
  region size 1024K, 4 young (4096K), 4 survivors (4096K)
 Metaspace       used 35290K, capacity 36060K, committed 36400K, reserved 1081344K
  class space    used 3842K, capacity 4139K, committed 4224K, reserved 1048576K
}
Event: 15.486 GC heap before
{Heap before GC invocations=21 (full 0):
 garbage-first heap   total 184320K, used 156101K [0x0000000701c00000, 0x0000000800000000)
  region size 1024K, 63 young (64512K), 4 survivors (4096K)
 Metaspace       used 35322K, capacity 36061K, committed 36400K, reserved 1081344K
  class space    used 3842K, capacity 4139K, committed 4224K, reserved 1048576K
}
Event: 15.497 GC heap after
{Heap after GC invocations=22 (full 0):
 garbage-first heap   total 184320K, used 95664K [0x0000000701c00000, 0x0000000800000000)
  region size 1024K, 6 young (6144K), 6 survivors (6144K)
 Metaspace       used 35322K, capacity 36061K, committed 36400K, reserved 1081344K
  class space    used 3842K, capacity 4139K, committed 4224K, reserved 1048576K
}
Event: 15.989 GC heap before
{Heap before GC invocations=22 (full 0):
 garbage-first heap   total 184320K, used 155056K [0x0000000701c00000, 0x0000000800000000)
  region size 1024K, 64 young (65536K), 6 survivors (6144K)
 Metaspace       used 35356K, capacity 36126K, committed 36400K, reserved 1081344K
  class space    used 3842K, capacity 4139K, committed 4224K, reserved 1048576K
}
Event: 15.998 GC heap after
{Heap after GC invocations=23 (full 0):
 garbage-first heap   total 221184K, used 97152K [0x0000000701c00000, 0x0000000800000000)
  region size 1024K, 6 young (6144K), 6 survivors (6144K)
 Metaspace       used 35356K, capacity 36126K, committed 36400K, reserved 1081344K
  class space    used 3842K, capacity 4139K, committed 4224K, reserved 1048576K
}
Event: 16.843 GC heap before
{Heap before GC invocations=24 (full 0):
 garbage-first heap   total 221184K, used 184192K [0x0000000701c00000, 0x0000000800000000)
  region size 1024K, 91 young (93184K), 6 survivors (6144K)
 Metaspace       used 36604K, capacity 37447K, committed 37552K, reserved 1083392K
  class space    used 4007K, capacity 4319K, committed 4352K, reserved 1048576K
}
Event: 16.854 GC heap after
{Heap after GC invocations=25 (full 0):
 garbage-first heap   total 221184K, used 100076K [0x0000000701c00000, 0x0000000800000000)
  region size 1024K, 9 young (9216K), 9 survivors (9216K)
 Metaspace       used 36604K, capacity 37447K, committed 37552K, reserved 1083392K
  class space    used 4007K, capacity 4319K, committed 4352K, reserved 1048576K
}

